TN:
SF:src\app.ts
FN:11,buildApp
FN:20,(anonymous_1)
FN:29,(anonymous_2)
FNF:3
FNH:2
FNDA:4,buildApp
FNDA:3,(anonymous_1)
FNDA:0,(anonymous_2)
DA:12,4
DA:14,4
DA:15,4
DA:16,4
DA:17,4
DA:18,4
DA:20,4
DA:21,3
DA:29,4
DA:30,0
DA:40,4
LF:11
LH:10
BRDA:34,0,0,0
BRDA:34,0,1,0
BRF:2
BRH:0
end_of_record
TN:
SF:src\routes\aquarium.ts
FN:10,(anonymous_0)
FN:11,(anonymous_1)
FN:46,(anonymous_2)
FN:92,(anonymous_3)
FNF:4
FNH:3
FNDA:4,(anonymous_0)
FNDA:5,(anonymous_1)
FNDA:1,(anonymous_2)
FNDA:0,(anonymous_3)
DA:10,4
DA:11,4
DA:12,5
DA:13,5
DA:14,5
DA:16,5
DA:17,1
DA:26,4
DA:28,4
DA:29,1
DA:38,3
DA:46,4
DA:47,1
DA:48,1
DA:50,1
DA:51,0
DA:60,1
DA:62,1
DA:63,0
DA:72,1
DA:73,1
DA:75,1
DA:77,1
DA:78,1
DA:84,1
DA:92,4
DA:93,0
DA:94,0
DA:96,0
DA:97,0
DA:98,0
DA:101,0
DA:103,0
DA:104,0
DA:105,0
DA:108,0
DA:110,0
DA:112,0
DA:113,0
DA:114,0
DA:117,0
LF:41
LH:24
BRDA:13,0,0,0
BRDA:13,0,1,5
BRDA:16,1,0,1
BRDA:16,1,1,4
BRDA:28,2,0,1
BRDA:28,2,1,3
BRDA:48,3,0,0
BRDA:48,3,1,1
BRDA:50,4,0,0
BRDA:50,4,1,1
BRDA:62,5,0,0
BRDA:62,5,1,1
BRDA:77,6,0,1
BRDA:77,6,1,0
BRDA:96,7,0,0
BRDA:96,7,1,0
BRDA:103,8,0,0
BRDA:103,8,1,0
BRDA:112,9,0,0
BRDA:112,9,1,0
BRF:20
BRH:9
end_of_record
TN:
SF:src\routes\ritual.ts
FN:15,getTeamAccessKey
FN:20,getAuthorizedTeam
FN:34,(anonymous_2)
FN:35,(anonymous_3)
FN:57,(anonymous_4)
FN:81,(anonymous_5)
FN:117,(anonymous_6)
FN:192,(anonymous_7)
FNF:8
FNH:7
FNDA:15,getTeamAccessKey
FNDA:15,getAuthorizedTeam
FNDA:4,(anonymous_2)
FNDA:1,(anonymous_3)
FNDA:3,(anonymous_4)
FNDA:0,(anonymous_5)
FNDA:9,(anonymous_6)
FNDA:2,(anonymous_7)
DA:16,15
DA:17,15
DA:21,15
DA:22,1
DA:25,14
DA:27,14
DA:28,0
DA:31,14
DA:34,4
DA:35,4
DA:36,1
DA:37,1
DA:39,1
DA:40,0
DA:49,1
DA:57,4
DA:58,3
DA:59,3
DA:61,3
DA:62,0
DA:71,3
DA:79,4
DA:82,0
DA:83,0
DA:85,0
DA:86,0
DA:95,0
DA:96,0
DA:98,0
DA:99,0
DA:108,0
DA:117,4
DA:118,9
DA:119,9
DA:121,9
DA:122,0
DA:131,9
DA:132,9
DA:133,9
DA:134,9
DA:136,9
DA:137,0
DA:146,9
DA:154,9
DA:155,2
DA:156,1
DA:157,1
DA:158,1
DA:160,2
DA:169,7
DA:171,9
DA:172,7
DA:176,7
DA:179,7
DA:181,9
DA:192,4
DA:193,2
DA:194,2
DA:196,2
DA:197,1
DA:206,1
DA:207,2
DA:209,2
DA:211,2
LF:64
LH:50
BRDA:16,0,0,0
BRDA:16,0,1,15
BRDA:17,1,0,14
BRDA:17,1,1,1
BRDA:21,2,0,1
BRDA:21,2,1,14
BRDA:27,3,0,0
BRDA:27,3,1,14
BRDA:39,4,0,0
BRDA:39,4,1,1
BRDA:61,5,0,0
BRDA:61,5,1,3
BRDA:85,6,0,0
BRDA:85,6,1,0
BRDA:96,7,0,0
BRDA:96,7,1,0
BRDA:98,8,0,0
BRDA:98,8,1,0
BRDA:121,9,0,0
BRDA:121,9,1,9
BRDA:136,10,0,0
BRDA:136,10,1,9
BRDA:136,11,0,9
BRDA:136,11,1,9
BRDA:136,11,2,9
BRDA:136,11,3,9
BRDA:136,11,4,6
BRDA:154,12,0,2
BRDA:154,12,1,7
BRDA:155,13,0,1
BRDA:155,13,1,1
BRDA:157,14,0,1
BRDA:157,14,1,0
BRDA:169,15,0,7
BRDA:169,15,1,0
BRDA:171,16,0,7
BRDA:171,16,1,2
BRDA:179,17,0,4
BRDA:179,17,1,3
BRDA:185,18,0,4
BRDA:185,18,1,3
BRDA:196,19,0,1
BRDA:196,19,1,1
BRDA:206,20,0,1
BRDA:206,20,1,1
BRF:45
BRH:31
end_of_record
TN:
SF:src\routes\teams.ts
FN:6,(anonymous_0)
FN:7,(anonymous_1)
FNF:2
FNH:2
FNDA:4,(anonymous_0)
FNDA:10,(anonymous_1)
DA:6,4
DA:7,4
DA:8,10
DA:10,10
DA:11,1
DA:12,1
DA:21,9
DA:23,9
DA:24,1
DA:25,1
DA:34,8
DA:35,8
LF:12
LH:12
BRDA:10,0,0,1
BRDA:10,0,1,9
BRDA:10,1,0,10
BRDA:10,1,1,10
BRDA:23,2,0,1
BRDA:23,2,1,8
BRF:6
BRH:6
end_of_record
TN:
SF:src\services\aquariumLiveService.ts
FN:11,registerTeamLiveSocket
FN:24,(anonymous_1)
FN:41,publishTeamLiveSnapshot
FN:50,(anonymous_3)
FNF:4
FNH:4
FNDA:4,registerTeamLiveSocket
FNDA:2,(anonymous_1)
FNDA:11,publishTeamLiveSnapshot
FNDA:2,(anonymous_3)
DA:8,5
DA:9,5
DA:12,4
DA:13,2
DA:16,4
DA:18,4
DA:19,0
DA:22,4
DA:24,4
DA:25,2
DA:27,2
DA:28,0
DA:31,2
DA:32,2
DA:33,1
DA:37,4
DA:38,4
DA:42,11
DA:44,11
DA:45,10
DA:48,1
DA:50,1
DA:51,2
DA:52,1
DA:55,1
LF:25
LH:23
BRDA:12,0,0,2
BRDA:12,0,1,2
BRDA:18,1,0,0
BRDA:18,1,1,4
BRDA:27,2,0,0
BRDA:27,2,1,2
BRDA:32,3,0,1
BRDA:32,3,1,1
BRDA:44,4,0,10
BRDA:44,4,1,1
BRDA:44,5,0,11
BRDA:44,5,1,1
BRDA:51,6,0,1
BRDA:51,6,1,1
BRF:14
BRH:12
end_of_record
TN:
SF:src\services\aquariumSnapshotService.ts
FN:14,getOwnShape
FN:19,(anonymous_1)
FN:23,getShapeSummaryFromAffirmations
FN:24,(anonymous_3)
FN:27,(anonymous_4)
FN:37,(anonymous_5)
FN:40,getEmptyStateMessage
FN:48,setDemoModeForTeam
FN:52,getDemoModeForTeam
FN:56,resetAquariumDemoStateForTests
FN:60,getAquariumSnapshotForAccessKey
FN:81,(anonymous_11)
FN:91,(anonymous_12)
FN:96,(anonymous_13)
FN:99,(anonymous_14)
FNF:15
FNH:15
FNDA:11,getOwnShape
FNDA:13,(anonymous_1)
FNDA:11,getShapeSummaryFromAffirmations
FNDA:55,(anonymous_3)
FNDA:8,(anonymous_4)
FNDA:8,(anonymous_5)
FNDA:3,getEmptyStateMessage
FNDA:2,setDemoModeForTeam
FNDA:15,getDemoModeForTeam
FNDA:6,resetAquariumDemoStateForTests
FNDA:15,getAquariumSnapshotForAccessKey
FNDA:12,(anonymous_11)
FNDA:11,(anonymous_12)
FNDA:8,(anonymous_13)
FNDA:8,(anonymous_14)
DA:5,5
DA:7,5
DA:15,11
DA:16,5
DA:19,13
DA:20,6
DA:24,55
DA:25,11
DA:27,11
DA:28,8
DA:30,8
DA:31,0
DA:34,8
DA:37,11
DA:41,3
DA:42,3
DA:45,0
DA:49,2
DA:53,15
DA:57,6
DA:65,15
DA:67,15
DA:68,1
DA:71,14
DA:72,14
DA:74,14
DA:75,3
DA:81,12
DA:91,11
DA:92,11
DA:95,11
DA:96,8
DA:99,11
DA:100,11
DA:102,15
LF:35
LH:33
BRDA:15,0,0,5
BRDA:15,0,1,6
BRDA:20,1,0,6
BRDA:20,1,1,0
BRDA:30,2,0,0
BRDA:30,2,1,8
BRDA:34,3,0,8
BRDA:34,3,1,8
BRDA:41,4,0,3
BRDA:41,4,1,0
BRDA:53,5,0,15
BRDA:53,5,1,11
BRDA:63,6,0,15
BRDA:67,7,0,1
BRDA:67,7,1,14
BRDA:74,8,0,3
BRDA:74,8,1,11
BRDA:109,9,0,8
BRDA:109,9,1,3
BRDA:114,10,0,3
BRDA:114,10,1,8
BRF:21
BRH:18
end_of_record
TN:
SF:src\services\healthService.ts
FN:24,recordHealthEvent
FN:40,getOperationalDiagnostics
FNF:2
FNH:2
FNDA:30,recordHealthEvent
FNDA:1,getOperationalDiagnostics
DA:22,5
DA:25,30
DA:27,30
DA:38,5
DA:41,1
DA:43,1
DA:44,2
DA:47,1
LF:8
LH:8
BRDA:28,0,0,30
BRDA:28,0,1,14
BRF:2
BRH:2
end_of_record
TN:
SF:src\services\ritualService.ts
FN:34,toIso
FN:38,startOfDay
FN:44,buildCycleId
FN:49,buildStoreKey
FN:53,getCurrentCycle
FN:78,getAffirmationCatalog
FN:86,upsertSubmissionForCycle
FN:105,(anonymous_7)
FN:146,getSubmissionForCycle
FN:151,getTeamSubmissionsForCycle
FN:155,(anonymous_10)
FN:156,(anonymous_11)
FN:159,resetTeamSubmissionsForCycle
FN:175,resetRitualStoreForTests
FNF:14
FNH:13
FNDA:80,toIso
FNDA:35,startOfDay
FNDA:35,buildCycleId
FNDA:11,buildStoreKey
FNDA:35,getCurrentCycle
FNDA:18,getAffirmationCatalog
FNDA:12,upsertSubmissionForCycle
FNDA:25,(anonymous_7)
FNDA:0,getSubmissionForCycle
FNDA:11,getTeamSubmissionsForCycle
FNDA:15,(anonymous_10)
FNDA:11,(anonymous_11)
FNDA:1,resetTeamSubmissionsForCycle
FNDA:6,resetRitualStoreForTests
DA:9,5
DA:32,5
DA:35,80
DA:39,35
DA:40,35
DA:41,35
DA:45,35
DA:46,35
DA:50,11
DA:54,35
DA:55,35
DA:57,35
DA:58,35
DA:59,35
DA:61,35
DA:62,8
DA:63,8
DA:65,27
DA:66,27
DA:69,35
DA:79,18
DA:94,12
DA:96,12
DA:97,1
DA:105,25
DA:107,11
DA:108,0
DA:116,11
DA:117,11
DA:119,11
DA:120,1
DA:128,10
DA:130,10
DA:139,12
DA:140,12
DA:147,0
DA:148,0
DA:152,11
DA:154,11
DA:155,15
DA:156,11
DA:160,1
DA:161,1
DA:163,1
DA:164,2
DA:165,0
DA:168,2
DA:169,2
DA:172,1
DA:176,6
LF:50
LH:46
BRDA:53,0,0,35
BRDA:55,1,0,8
BRDA:55,1,1,27
BRDA:61,2,0,8
BRDA:61,2,1,27
BRDA:71,3,0,8
BRDA:71,3,1,27
BRDA:96,4,0,1
BRDA:96,4,1,11
BRDA:107,5,0,0
BRDA:107,5,1,11
BRDA:119,6,0,1
BRDA:119,6,1,10
BRDA:134,7,0,7
BRDA:134,7,1,3
BRDA:136,8,0,12
BRDA:136,8,1,7
BRDA:148,9,0,0
BRDA:148,9,1,0
BRDA:164,10,0,0
BRDA:164,10,1,2
BRF:21
BRH:17
end_of_record
TN:
SF:src\services\teamJoinService.ts
FN:24,(anonymous_0)
FN:32,validateTokenFormat
FN:36,resolveTeamFromToken
FN:40,resolveTeamFromAccessKey
FNF:4
FNH:4
FNDA:10,(anonymous_0)
FNDA:10,validateTokenFormat
FNDA:9,resolveTeamFromToken
FNDA:30,resolveTeamFromAccessKey
DA:3,5
DA:5,5
DA:24,5
DA:26,10
DA:27,10
DA:33,10
DA:37,9
DA:41,30
LF:8
LH:8
BRDA:37,0,0,9
BRDA:37,0,1,1
BRDA:41,1,0,30
BRDA:41,1,1,1
BRF:4
BRH:4
end_of_record
TN:
SF:src\utils\initDb.ts
FN:3,initDb
FNF:1
FNH:1
FNDA:4,initDb
DA:4,4
DA:5,4
DA:6,4
LF:3
LH:3
BRF:0
BRH:0
end_of_record
