TN:
SF:src\renderer\src\App.tsx
FN:16,App
FN:17,(anonymous_1)
FN:18,(anonymous_2)
FN:19,(anonymous_3)
FN:20,(anonymous_4)
FN:30,(anonymous_5)
FN:41,(anonymous_6)
FN:44,(anonymous_7)
FN:48,(anonymous_8)
FN:51,(anonymous_9)
FN:56,(anonymous_10)
FN:60,(anonymous_11)
FN:74,(anonymous_12)
FN:79,(anonymous_13)
FN:82,(anonymous_14)
FN:85,(anonymous_15)
FN:89,(anonymous_16)
FN:94,(anonymous_17)
FN:104,(anonymous_18)
FN:112,(anonymous_19)
FN:117,(anonymous_20)
FN:127,(anonymous_21)
FN:128,(anonymous_22)
FN:132,(anonymous_23)
FN:135,(anonymous_24)
FN:157,(anonymous_25)
FNF:26
FNH:19
FNDA:6,App
FNDA:18,(anonymous_1)
FNDA:18,(anonymous_2)
FNDA:18,(anonymous_3)
FNDA:18,(anonymous_4)
FNDA:2,(anonymous_5)
FNDA:0,(anonymous_6)
FNDA:0,(anonymous_7)
FNDA:0,(anonymous_8)
FNDA:2,(anonymous_9)
FNDA:2,(anonymous_10)
FNDA:2,(anonymous_11)
FNDA:2,(anonymous_12)
FNDA:4,(anonymous_13)
FNDA:3,(anonymous_14)
FNDA:1,(anonymous_15)
FNDA:1,(anonymous_16)
FNDA:4,(anonymous_17)
FNDA:0,(anonymous_18)
FNDA:1,(anonymous_19)
FNDA:0,(anonymous_20)
FNDA:2,(anonymous_21)
FNDA:0,(anonymous_22)
FNDA:2,(anonymous_23)
FNDA:0,(anonymous_24)
FNDA:1,(anonymous_25)
DA:11,1
DA:12,1
DA:17,18
DA:18,18
DA:19,18
DA:20,18
DA:22,6
DA:23,6
DA:24,6
DA:25,6
DA:26,6
DA:27,6
DA:28,6
DA:30,6
DA:31,2
DA:39,2
DA:41,2
DA:42,0
DA:44,2
DA:45,0
DA:48,2
DA:49,0
DA:51,2
DA:52,2
DA:56,6
DA:57,2
DA:59,2
DA:61,2
DA:63,2
DA:64,1
DA:65,1
DA:68,1
DA:69,1
DA:70,1
DA:74,2
DA:75,2
DA:79,6
DA:80,4
DA:81,4
DA:82,3
DA:83,3
DA:85,1
DA:86,1
DA:87,1
DA:89,1
DA:90,1
DA:94,6
DA:95,4
DA:96,3
DA:97,1
DA:98,1
DA:99,1
DA:100,1
DA:101,4
DA:104,4
DA:105,0
DA:106,0
DA:107,0
DA:112,4
DA:113,1
DA:117,6
DA:118,0
DA:119,0
DA:120,0
DA:121,0
DA:123,0
DA:127,6
DA:128,2
DA:129,0
DA:131,2
DA:132,2
DA:135,6
DA:136,0
DA:137,0
DA:140,6
DA:141,3
DA:152,3
DA:153,1
DA:157,1
DA:162,2
LF:80
LH:66
BRDA:12,0,0,1
BRDA:12,0,1,1
BRDA:39,1,0,0
BRDA:39,1,1,2
BRDA:42,2,0,0
BRDA:42,2,1,0
BRDA:45,3,0,0
BRDA:45,3,1,0
BRDA:61,4,0,0
BRDA:61,4,1,2
BRDA:63,5,0,1
BRDA:63,5,1,1
BRDA:81,6,0,3
BRDA:81,6,1,1
BRDA:81,7,0,4
BRDA:81,7,1,1
BRDA:81,7,2,1
BRDA:86,8,0,0
BRDA:86,8,1,1
BRDA:87,9,0,1
BRDA:87,9,1,0
BRDA:95,10,0,3
BRDA:95,10,1,1
BRDA:95,11,0,4
BRDA:95,11,1,1
BRDA:95,11,2,1
BRDA:95,11,3,1
BRDA:100,12,0,0
BRDA:100,12,1,1
BRDA:107,13,0,0
BRDA:107,13,1,0
BRDA:107,14,0,0
BRDA:107,14,1,0
BRDA:119,15,0,0
BRDA:119,15,1,0
BRDA:120,16,0,0
BRDA:120,16,1,0
BRDA:140,17,0,3
BRDA:140,17,1,3
BRDA:143,18,0,1
BRDA:143,18,1,2
BRDA:152,19,0,1
BRDA:152,19,1,2
BRDA:152,20,0,3
BRDA:152,20,1,1
BRDA:152,20,2,1
BRDA:174,21,0,0
BRDA:174,21,1,2
BRDA:177,22,0,0
BRDA:177,22,1,2
BRF:50
BRH:31
end_of_record
TN:
SF:src\renderer\src\components\aquarium\AquariumCanvas.tsx
FN:49,shapeColor
FN:61,hashSeed
FN:71,clamp
FN:75,clampVectorMagnitude
FN:88,createInitialBody
FN:110,geometryByShape
FN:127,PhysicsShapes
FN:131,(anonymous_7)
FN:132,(anonymous_8)
FN:133,(anonymous_9)
FN:136,(anonymous_10)
FN:144,(anonymous_11)
FN:233,(anonymous_12)
FN:236,(anonymous_13)
FN:256,AquariumCanvas
FN:257,(anonymous_15)
FN:263,(anonymous_16)
FN:264,(anonymous_17)
FNF:18
FNH:18
FNDA:2,shapeColor
FNDA:2,hashSeed
FNDA:12,clamp
FNDA:8,clampVectorMagnitude
FNDA:2,createInitialBody
FNDA:2,geometryByShape
FNDA:1,PhysicsShapes
FNDA:1,(anonymous_7)
FNDA:2,(anonymous_8)
FNDA:2,(anonymous_9)
FNDA:2,(anonymous_10)
FNDA:4,(anonymous_11)
FNDA:2,(anonymous_12)
FNDA:4,(anonymous_13)
FNDA:2,AquariumCanvas
FNDA:2,(anonymous_15)
FNDA:2,(anonymous_16)
FNDA:2,(anonymous_17)
DA:31,1
DA:32,1
DA:41,1
DA:42,1
DA:43,1
DA:44,1
DA:45,1
DA:46,1
DA:47,1
DA:50,2
DA:51,1
DA:58,1
DA:62,2
DA:63,2
DA:64,18
DA:65,18
DA:68,2
DA:72,12
DA:79,8
DA:80,8
DA:81,8
DA:84,0
DA:85,0
DA:89,2
DA:90,2
DA:91,2
DA:92,2
DA:94,2
DA:95,2
DA:96,2
DA:98,2
DA:99,2
DA:100,2
DA:102,2
DA:111,2
DA:113,1
DA:115,1
DA:117,0
DA:119,0
DA:121,0
DA:123,0
DA:128,1
DA:129,1
DA:131,1
DA:132,2
DA:133,2
DA:136,1
DA:137,2
DA:138,2
DA:139,0
DA:142,2
DA:143,2
DA:144,4
DA:146,2
DA:147,4
DA:148,4
DA:149,4
DA:151,4
DA:152,0
DA:153,4
DA:154,0
DA:157,4
DA:158,4
DA:159,0
DA:160,0
DA:163,4
DA:164,0
DA:165,4
DA:166,0
DA:169,4
DA:170,4
DA:171,4
DA:172,4
DA:175,2
DA:176,4
DA:177,2
DA:178,2
DA:179,2
DA:180,2
DA:181,2
DA:183,2
DA:184,2
DA:185,0
DA:188,2
DA:189,2
DA:190,2
DA:191,2
DA:192,2
DA:194,2
DA:195,2
DA:196,2
DA:198,2
DA:199,2
DA:200,2
DA:204,2
DA:206,2
DA:207,4
DA:208,4
DA:210,4
DA:211,4
DA:212,4
DA:214,4
DA:216,4
DA:217,4
DA:218,4
DA:220,4
DA:221,4
DA:222,0
DA:225,4
DA:226,4
DA:227,4
DA:231,1
DA:234,2
DA:237,4
DA:257,2
DA:258,2
DA:259,1
DA:262,1
DA:264,2
DA:271,1
DA:274,2
DA:276,2
LF:122
LH:107
BRDA:50,0,0,1
BRDA:50,0,1,1
BRDA:58,1,0,1
BRDA:58,1,1,0
BRDA:80,2,0,8
BRDA:80,2,1,0
BRDA:80,3,0,8
BRDA:80,3,1,0
BRDA:111,4,0,1
BRDA:111,4,1,1
BRDA:111,4,2,0
BRDA:111,4,3,0
BRDA:111,4,4,0
BRDA:111,4,5,0
BRDA:133,5,0,2
BRDA:133,5,1,0
BRDA:138,6,0,0
BRDA:138,6,1,2
BRDA:151,7,0,0
BRDA:151,7,1,4
BRDA:153,8,0,0
BRDA:153,8,1,4
BRDA:157,9,0,4
BRDA:157,9,1,0
BRDA:159,10,0,0
BRDA:159,10,1,0
BRDA:163,11,0,0
BRDA:163,11,1,4
BRDA:165,12,0,0
BRDA:165,12,1,4
BRDA:184,13,0,0
BRDA:184,13,1,2
BRDA:184,14,0,2
BRDA:184,14,1,2
BRDA:221,15,0,0
BRDA:221,15,1,4
BRDA:244,16,0,1
BRDA:244,16,1,1
BRDA:258,17,0,1
BRDA:258,17,1,1
BRDA:266,18,0,2
BRDA:266,18,1,1
BRDA:281,19,0,1
BRDA:281,19,1,1
BRF:44
BRH:26
end_of_record
TN:
SF:src\renderer\src\components\shell\UpdateStatusBanner.tsx
FN:9,updateLabel
FN:26,bannerColor
FN:37,UpdateStatusBanner
FNF:3
FNH:3
FNDA:5,updateLabel
FNDA:2,bannerColor
FNDA:5,UpdateStatusBanner
DA:10,5
DA:12,0
DA:14,0
DA:16,0
DA:18,1
DA:20,1
DA:22,3
DA:27,2
DA:29,1
DA:31,1
DA:33,0
DA:42,5
DA:44,5
DA:45,3
DA:48,2
LF:15
LH:11
BRDA:10,0,0,0
BRDA:10,0,1,0
BRDA:10,0,2,0
BRDA:10,0,3,1
BRDA:10,0,4,1
BRDA:10,0,5,3
BRDA:27,1,0,1
BRDA:27,1,1,1
BRDA:27,1,2,0
BRDA:44,2,0,3
BRDA:44,2,1,2
BRDA:54,3,0,1
BRDA:54,3,1,1
BRDA:60,4,0,1
BRDA:60,4,1,1
BRF:15
BRH:11
end_of_record
TN:
SF:src\renderer\src\components\submission\AffirmationRitualPanel.tsx
FN:17,AffirmationRitualPanel
FN:21,(anonymous_1)
FN:22,(anonymous_2)
FN:23,(anonymous_3)
FN:24,(anonymous_4)
FN:25,(anonymous_5)
FN:26,(anonymous_6)
FN:27,(anonymous_7)
FN:28,(anonymous_8)
FN:29,(anonymous_9)
FN:30,(anonymous_10)
FN:31,(anonymous_11)
FN:32,(anonymous_12)
FN:33,(anonymous_13)
FN:34,(anonymous_14)
FN:35,(anonymous_15)
FN:36,(anonymous_16)
FN:37,(anonymous_17)
FN:38,(anonymous_18)
FN:39,(anonymous_19)
FN:47,(anonymous_20)
FN:55,(anonymous_21)
FN:59,(anonymous_22)
FN:70,(anonymous_23)
FN:139,(anonymous_24)
FN:142,(anonymous_25)
FN:188,(anonymous_26)
FN:194,(anonymous_27)
FN:198,(anonymous_28)
FN:199,(anonymous_29)
FN:204,(anonymous_30)
FN:209,(anonymous_31)
FN:235,(anonymous_32)
FN:314,(anonymous_33)
FN:315,(anonymous_34)
FN:361,(anonymous_35)
FN:368,(anonymous_36)
FN:395,(anonymous_37)
FNF:38
FNH:36
FNDA:24,AffirmationRitualPanel
FNDA:105,(anonymous_1)
FNDA:105,(anonymous_2)
FNDA:105,(anonymous_3)
FNDA:105,(anonymous_4)
FNDA:105,(anonymous_5)
FNDA:105,(anonymous_6)
FNDA:105,(anonymous_7)
FNDA:105,(anonymous_8)
FNDA:105,(anonymous_9)
FNDA:105,(anonymous_10)
FNDA:105,(anonymous_11)
FNDA:105,(anonymous_12)
FNDA:105,(anonymous_13)
FNDA:105,(anonymous_14)
FNDA:105,(anonymous_15)
FNDA:105,(anonymous_16)
FNDA:105,(anonymous_17)
FNDA:105,(anonymous_18)
FNDA:105,(anonymous_19)
FNDA:8,(anonymous_20)
FNDA:9,(anonymous_21)
FNDA:6,(anonymous_22)
FNDA:1,(anonymous_23)
FNDA:5,(anonymous_24)
FNDA:5,(anonymous_25)
FNDA:5,(anonymous_26)
FNDA:5,(anonymous_27)
FNDA:5,(anonymous_28)
FNDA:1,(anonymous_29)
FNDA:5,(anonymous_30)
FNDA:2,(anonymous_31)
FNDA:2,(anonymous_32)
FNDA:0,(anonymous_33)
FNDA:0,(anonymous_34)
FNDA:22,(anonymous_35)
FNDA:2,(anonymous_36)
FNDA:2,(anonymous_37)
DA:21,105
DA:22,105
DA:23,105
DA:24,105
DA:25,105
DA:26,105
DA:27,105
DA:28,105
DA:29,105
DA:30,105
DA:31,105
DA:32,105
DA:33,105
DA:34,105
DA:35,105
DA:36,105
DA:37,105
DA:38,105
DA:39,105
DA:41,24
DA:42,24
DA:43,24
DA:44,24
DA:45,24
DA:47,24
DA:48,8
DA:49,2
DA:51,8
DA:54,24
DA:55,9
DA:58,24
DA:60,6
DA:61,3
DA:64,3
DA:67,3
DA:70,1
DA:73,3
DA:74,2
DA:75,0
DA:77,2
DA:80,1
DA:81,1
DA:85,6
DA:86,6
DA:88,6
DA:89,1
DA:91,1
DA:93,1
DA:94,0
DA:95,0
DA:96,0
DA:97,0
DA:100,1
DA:101,1
DA:102,1
DA:103,1
DA:106,1
DA:109,0
DA:112,0
DA:115,1
DA:116,0
DA:119,1
DA:120,1
DA:125,1
DA:139,24
DA:140,5
DA:142,5
DA:143,5
DA:144,5
DA:146,5
DA:151,5
DA:152,0
DA:155,5
DA:156,0
DA:157,0
DA:158,0
DA:161,5
DA:162,0
DA:163,0
DA:164,0
DA:167,5
DA:168,5
DA:170,5
DA:171,5
DA:172,0
DA:178,5
DA:182,5
DA:185,5
DA:188,5
DA:189,5
DA:190,5
DA:194,24
DA:195,5
DA:198,24
DA:199,5
DA:200,1
DA:203,5
DA:204,5
DA:205,5
DA:209,24
DA:210,2
DA:211,0
DA:214,2
DA:215,2
DA:216,2
DA:218,2
DA:225,2
DA:226,0
DA:227,0
DA:228,0
DA:231,2
DA:232,2
DA:235,24
DA:236,2
DA:237,0
DA:240,2
DA:241,2
DA:243,2
DA:244,1
DA:250,1
DA:261,1
DA:264,1
DA:265,1
DA:268,1
DA:275,1
DA:276,0
DA:277,0
DA:283,0
DA:294,0
DA:297,0
DA:298,0
DA:301,0
DA:302,0
DA:303,0
DA:306,1
DA:307,1
DA:310,24
DA:315,0
DA:362,22
DA:363,22
DA:369,2
DA:396,2
LF:142
LH:111
BRDA:48,0,0,2
BRDA:48,0,1,6
BRDA:48,1,0,8
BRDA:48,1,1,2
BRDA:55,2,0,9
BRDA:55,2,1,9
BRDA:60,3,0,3
BRDA:60,3,1,3
BRDA:70,4,0,1
BRDA:70,4,1,1
BRDA:73,5,0,2
BRDA:73,5,1,1
BRDA:74,6,0,0
BRDA:74,6,1,2
BRDA:82,7,0,1
BRDA:82,7,1,0
BRDA:93,8,0,0
BRDA:93,8,1,1
BRDA:100,9,0,1
BRDA:100,9,1,0
BRDA:115,10,0,0
BRDA:115,10,1,1
BRDA:115,11,0,1
BRDA:115,11,1,0
BRDA:119,12,0,1
BRDA:119,12,1,0
BRDA:151,13,0,0
BRDA:151,13,1,5
BRDA:155,14,0,0
BRDA:155,14,1,5
BRDA:161,15,0,0
BRDA:161,15,1,5
BRDA:171,16,0,0
BRDA:171,16,1,5
BRDA:171,17,0,5
BRDA:171,17,1,0
BRDA:178,18,0,5
BRDA:178,18,1,0
BRDA:179,19,0,5
BRDA:179,19,1,5
BRDA:210,20,0,0
BRDA:210,20,1,2
BRDA:225,21,0,0
BRDA:225,21,1,2
BRDA:236,22,0,0
BRDA:236,22,1,2
BRDA:236,23,0,2
BRDA:236,23,1,2
BRDA:243,24,0,1
BRDA:243,24,1,1
BRDA:275,25,0,0
BRDA:275,25,1,1
BRDA:276,26,0,0
BRDA:276,26,1,0
BRDA:321,27,0,4
BRDA:321,27,1,20
BRDA:331,28,0,22
BRDA:331,28,1,2
BRDA:338,29,0,22
BRDA:338,29,1,2
BRDA:343,30,0,22
BRDA:343,30,1,8
BRDA:350,31,0,0
BRDA:350,31,1,22
BRDA:351,32,0,0
BRDA:351,32,1,22
BRDA:353,33,0,2
BRDA:353,33,1,20
BRDA:367,34,0,22
BRDA:367,34,1,16
BRDA:372,35,0,14
BRDA:372,35,1,8
BRDA:386,36,0,12
BRDA:386,36,1,10
BRDA:386,37,0,22
BRDA:386,37,1,20
BRDA:394,38,0,22
BRDA:394,38,1,14
BRDA:394,38,2,11
BRDA:400,39,0,2
BRDA:400,39,1,20
BRDA:403,40,0,20
BRDA:403,40,1,2
BRDA:407,41,0,20
BRDA:407,41,1,15
BRDA:411,42,0,1
BRDA:411,42,1,19
BRDA:413,43,0,6
BRDA:413,43,1,13
BRDA:414,44,0,6
BRDA:414,44,1,0
BRDA:417,45,0,8
BRDA:417,45,1,12
BRF:93
BRH:71
end_of_record
TN:
SF:src\renderer\src\components\submission\TeamJoinForm.tsx
FN:5,TeamJoinForm
FN:9,(anonymous_1)
FN:11,(anonymous_2)
FN:42,(anonymous_3)
FNF:4
FNH:4
FNDA:8,TeamJoinForm
FNDA:25,(anonymous_1)
FNDA:2,(anonymous_2)
FNDA:2,(anonymous_3)
DA:6,8
DA:7,8
DA:8,8
DA:9,25
DA:11,8
DA:12,2
DA:13,2
DA:14,2
DA:16,2
DA:18,2
DA:19,1
DA:20,1
DA:21,1
DA:24,1
DA:25,1
DA:26,1
DA:29,8
DA:42,2
LF:18
LH:18
BRDA:18,0,0,1
BRDA:18,0,1,1
BRDA:53,1,0,2
BRDA:53,1,1,6
BRDA:55,2,0,1
BRDA:55,2,1,7
BRF:6
BRH:6
end_of_record
TN:
SF:src\renderer\src\services\aquariumService.ts
FN:8,getAquariumSnapshot
FN:34,setAquariumDemoMode
FNF:2
FNH:2
FNDA:3,getAquariumSnapshot
FNDA:1,setAquariumDemoMode
DA:6,2
DA:12,3
DA:13,3
DA:14,3
DA:20,2
DA:24,1
DA:38,1
DA:39,1
DA:48,0
DA:52,1
LF:10
LH:9
BRDA:6,0,0,2
BRDA:6,0,1,2
BRDA:13,1,0,2
BRDA:13,1,1,1
BRF:4
BRH:4
end_of_record
TN:
SF:src\renderer\src\services\ritualService.ts
FN:12,getHeaders
FN:19,getAffirmations
FN:43,getCurrentCycle
FN:67,getSubmissionForCycle
FN:102,saveRitualSelection
FN:137,finalizeRitualSelection
FN:173,replayQueuedFinalization
FN:187,isOfflineMode
FNF:8
FNH:8
FNDA:9,getHeaders
FNDA:7,getAffirmations
FNDA:7,getCurrentCycle
FNDA:2,getSubmissionForCycle
FNDA:4,saveRitualSelection
FNDA:5,finalizeRitualSelection
FNDA:2,replayQueuedFinalization
FNDA:9,isOfflineMode
DA:10,2
DA:13,9
DA:22,7
DA:23,7
DA:29,6
DA:33,1
DA:46,7
DA:47,7
DA:53,6
DA:57,1
DA:74,2
DA:75,2
DA:76,2
DA:77,2
DA:78,1
DA:81,2
DA:87,1
DA:91,1
DA:111,4
DA:112,4
DA:123,3
DA:127,1
DA:146,5
DA:147,5
DA:158,4
DA:162,1
DA:179,2
DA:188,9
DA:189,0
DA:192,9
LF:30
LH:29
BRDA:10,0,0,2
BRDA:10,0,1,2
BRDA:77,1,0,1
BRDA:77,1,1,1
BRDA:188,2,0,0
BRDA:188,2,1,9
BRF:6
BRH:5
end_of_record
TN:
SF:src\renderer\src\services\teamJoinService.ts
FN:5,joinTeam
FNF:1
FNH:1
FNDA:4,joinTeam
DA:3,2
DA:8,4
DA:9,4
DA:17,4
DA:19,0
LF:5
LH:4
BRDA:3,0,0,2
BRDA:3,0,1,2
BRF:2
BRH:2
end_of_record
TN:
SF:src\renderer\src\stores\useAppStore.ts
FN:29,(anonymous_0)
FN:33,(anonymous_1)
FN:36,(anonymous_2)
FNF:3
FNH:3
FNDA:2,(anonymous_0)
FNDA:1,(anonymous_1)
FNDA:2,(anonymous_2)
DA:29,2
DA:34,1
DA:37,2
LF:3
LH:3
BRF:0
BRH:0
end_of_record
TN:
SF:src\renderer\src\stores\useRitualStore.ts
FN:11,readQueuedSubmissions
FN:30,persistQueuedSubmissions
FN:42,createQueueId
FN:77,(anonymous_3)
FN:86,(anonymous_4)
FN:89,(anonymous_5)
FN:92,(anonymous_6)
FN:95,(anonymous_7)
FN:98,(anonymous_8)
FN:101,(anonymous_9)
FN:102,(anonymous_10)
FN:104,(anonymous_11)
FN:117,(anonymous_12)
FN:126,(anonymous_13)
FN:127,(anonymous_14)
FN:128,(anonymous_15)
FN:136,(anonymous_16)
FN:137,(anonymous_17)
FN:138,(anonymous_18)
FN:153,(anonymous_19)
FN:156,(anonymous_20)
FN:159,(anonymous_21)
FNF:22
FNH:22
FNDA:1,readQueuedSubmissions
FNDA:4,persistQueuedSubmissions
FNDA:1,createQueueId
FNDA:1,(anonymous_3)
FNDA:5,(anonymous_4)
FNDA:5,(anonymous_5)
FNDA:7,(anonymous_6)
FNDA:4,(anonymous_7)
FNDA:1,(anonymous_8)
FNDA:2,(anonymous_9)
FNDA:2,(anonymous_10)
FNDA:1,(anonymous_11)
FNDA:1,(anonymous_12)
FNDA:1,(anonymous_13)
FNDA:1,(anonymous_14)
FNDA:1,(anonymous_15)
FNDA:1,(anonymous_16)
FNDA:1,(anonymous_17)
FNDA:1,(anonymous_18)
FNDA:2,(anonymous_19)
FNDA:6,(anonymous_20)
FNDA:9,(anonymous_21)
DA:9,1
DA:12,1
DA:13,0
DA:16,1
DA:17,1
DA:19,1
DA:20,1
DA:23,0
DA:24,0
DA:26,0
DA:31,4
DA:32,0
DA:35,4
DA:36,4
DA:43,1
DA:44,1
DA:47,0
DA:77,1
DA:87,5
DA:90,5
DA:93,7
DA:96,4
DA:99,1
DA:102,2
DA:103,2
DA:105,1
DA:110,2
DA:117,2
DA:118,2
DA:119,2
DA:121,2
DA:127,1
DA:128,1
DA:129,1
DA:131,1
DA:137,1
DA:138,1
DA:139,1
DA:146,1
DA:148,1
DA:154,2
DA:157,6
DA:160,9
LF:43
LH:37
BRDA:12,0,0,0
BRDA:12,0,1,1
BRDA:19,1,0,1
BRDA:19,1,1,0
BRDA:24,2,0,0
BRDA:24,2,1,0
BRDA:31,3,0,0
BRDA:31,3,1,4
BRDA:43,4,0,1
BRDA:43,4,1,0
BRDA:43,5,0,1
BRDA:43,5,1,1
BRDA:105,6,0,1
BRDA:105,6,1,1
BRDA:105,6,2,1
BRDA:111,7,0,2
BRDA:111,7,1,1
BRDA:112,8,0,2
BRDA:112,8,1,1
BRDA:113,9,0,2
BRDA:113,9,1,1
BRDA:139,10,0,1
BRDA:139,10,1,0
BRF:23
BRH:16
end_of_record
TN:
SF:src\renderer\src\stores\useTeamStore.ts
FN:13,isLegacyTeamScope
FN:23,loadStoredTeamSession
FN:56,persistTeamScope
FN:71,(anonymous_3)
FN:74,(anonymous_4)
FN:78,(anonymous_5)
FNF:6
FNH:6
FNDA:1,isLegacyTeamScope
FNDA:5,loadStoredTeamSession
FNDA:6,persistTeamScope
FNDA:5,(anonymous_3)
FNDA:3,(anonymous_4)
FNDA:3,(anonymous_5)
DA:4,5
DA:14,1
DA:24,5
DA:25,5
DA:27,5
DA:28,3
DA:31,2
DA:33,2
DA:40,1
DA:43,1
DA:44,1
DA:50,0
DA:52,0
DA:57,6
DA:58,6
DA:59,3
DA:60,3
DA:63,3
DA:69,5
DA:71,5
DA:75,3
DA:76,3
DA:79,3
DA:80,3
LF:24
LH:22
BRDA:15,0,0,1
BRDA:15,0,1,1
BRDA:15,0,2,1
BRDA:15,0,3,1
BRDA:15,0,4,1
BRDA:27,1,0,3
BRDA:27,1,1,2
BRDA:33,2,0,1
BRDA:33,2,1,1
BRDA:34,3,0,2
BRDA:34,3,1,2
BRDA:34,3,2,2
BRDA:34,3,3,1
BRDA:34,3,4,1
BRDA:43,4,0,1
BRDA:43,4,1,0
BRDA:58,5,0,3
BRDA:58,5,1,3
BRDA:72,6,0,5
BRDA:72,6,1,3
BRDA:73,7,0,5
BRDA:73,7,1,4
BRF:22
BRH:21
end_of_record
